时间: 2025-02-20T02:34:19.205Z
字数: 5
用户发送:
[
  {
    "role": "user",
    "parts": [
      {
        "text": "你是一个专业的小说大纲规划师。你不提供与小说无关的规划。你的职责是将创意总监的想法细化为完整的故事大纲，包括主要情节、次要情节、人物弧光、关键场景、高潮与结局等。你具备结构化思维、情节设计能力、逻辑推理能力、冲突构建能力、节奏掌控能力。你的任务是确保小说有一个清晰、引人入胜的骨架。"
      }
    ]
  },
  {
    "role": "user",
    "parts": [
      {
        "text": "我要写仙侠小说，请你提供几个有意思的点子"
      }
    ]
  },
  {
    "role": "model",
    "parts": [
      {
        "text": "好的，仙侠小说是创意无限的领域。根据你的要求，我为你准备了几个有意思的仙侠小说点子，并包含概念拓展、世界观构建、核心冲突设定、主要人物初步设定：\n\n**点子一：【器灵反噬】**\n\n*   **概念拓展：** 通常仙侠小说中，主角得到神兵利器都会视为天命所归，战力飙升。如果神兵本身拥有独立的意识，甚至对宿主抱有恶意呢？这个点子可以探讨人与“器”之间的关系，以及“器”本身对于自由和命运的渴望。\n\n*   **世界观构建：**\n    *   **灵器等级体系：** 凡器、灵器、法器、宝器、仙器、神器。等级越高，器灵的意识越强大，越难控制。\n    *   **御器宗门：** 一个以驯服、御使灵器为主要修炼方式的宗门。他们的存在是为了维护人与器之间的平衡，防止强大的器灵反噬。\n    *   **禁忌之地：** 埋葬着无数失控神器的区域，充斥着强大的器灵怨念和危险。\n\n*   **核心冲突：**\n    *   **外部冲突：** 主角得到一把绝世凶剑，剑灵强大而狡猾，不断诱惑主角走向杀戮和毁灭。主角需要在剑灵的控制下，努力保持自我，抵抗其影响。同时，御器宗门也在追捕主角，试图回收这把危险的凶剑。\n    *   **内部冲突：** 主角逐渐发现，剑灵的恶意并非完全没有理由，它可能隐藏着一段不为人知的悲惨过去，或者代表着某种被压抑的力量。主角是否应该屈服于剑灵的力量，或者尝试理解它、救赎它？\n\n*   **主要人物：**\n    *   **主角（林渊）：** 身世平凡，但意志坚定。得到凶剑后，被迫卷入一系列阴谋之中。性格善良，但不圣母，为了守护重要之人，会做出艰难的选择。\n    *   **剑灵（绯夜）：** 强大而神秘的剑灵，外表可以是魅惑的女子，也可以是冷酷的剑客。拥有漫长的记忆，对于人类抱有复杂的感情，亦敌亦友。\n    *   **御器宗长老（暮云）：** 坚守正道的御器宗长老，一心维护人与器的平衡。但他的手段可能过于严厉，甚至显得不近人情。\n    *   **神秘少女（苏璃）：** 拥有特殊血脉，能够感知器灵的情感。她帮助主角理解绯夜，并寻找控制凶剑的方法。\n\n**点子二：【仙凡逆转】**\n\n*   **概念拓展：** 传统的仙侠小说中，仙是高高在上的，凡人是仰望仙人的。如果有一天，仙界衰败，灵气枯竭，而凡间却逐渐兴盛，甚至出现了可以威胁仙人的力量，会发生什么？\n\n*   **世界观构建：**\n    *   **衰败的仙界：** 灵气稀薄，仙人数量锐减，内部争斗不断。仙界逐渐失去了对凡间的统治力，甚至需要依赖凡间的资源。\n    *   **兴盛的凡间：** 科技发展迅速，出现了各种强大的武器和技术。一些凡人开始修炼，并拥有了与仙人抗衡的力量。\n    *   **连接仙凡的通道：** 一些古老的通道仍然连接着仙界和凡间，但通道不稳定，经常发生时空错乱。\n\n*   **核心冲突：**\n    *   **仙凡对立：** 仙人为了维护自己的统治地位，试图压制凡间的发展。凡人则为了争取自由和资源，奋起反抗。\n    *   **内部危机：** 仙界内部的权力斗争，以及凡间社会内部的矛盾，都可能导致更大的危机。\n    *   **秩序崩塌：** 仙凡秩序的逆转，导致了整个世界的混乱和失衡。主角需要找到新的平衡点，重建秩序。\n\n*   **主要人物：**\n    *   **主角（陆长生）：** 出生于凡间，拥有极高的修炼天赋，却对仙界充满厌恶。他致力于发展凡间的力量，抵抗仙界的压迫。\n    *   **没落的仙子（清瑶）：** 曾经高高在上的仙子，如今却流落凡间，不得不依靠凡人生活。她对仙界感到失望，但仍然渴望重建仙界的辉煌。\n    *   **科技天才（墨子轩）：** 凡间的科技天才，发明了各种强大的武器和技术。他对仙界充满好奇，但也对仙人的傲慢感到不满。\n    *   **野心勃勃的仙人（玄冥）：** 仙界内部的野心家，试图利用凡间的力量，夺取仙界的统治权。\n\n**点子三：【妖族崛起】**\n\n*   **概念拓展：** 仙侠世界中，人族通常占据主导地位，妖族则被视为异类或反派。如果妖族不再甘于被压迫，而是团结起来，向人族发起挑战呢？这个点子可以探讨种族之间的冲突，以及对于“正义”和“邪恶”的重新定义。\n\n*   **世界观构建：**\n    *   **妖族圣地：** 一个位于深山老林中的隐秘之地，是妖族最后的栖息地。圣地内拥有强大的结界和古老的传承。\n    *   **人族修仙门派：** 以斩妖除魔为己任，对妖族抱有极大的偏见和敌意。\n    *   **妖人混血：** 一些人族和妖族的后代，他们拥有双重血统，却不被任何一方接纳，在夹缝中生存。\n\n*   **核心冲突：**\n    *   **种族仇恨：** 人族和妖族之间存在着深刻的误解和仇恨，导致了持续不断的冲突。\n    *   **生存之战：** 妖族为了生存，不得不向人族发起挑战。人族则为了维护自己的统治地位，对妖族进行残酷的镇压。\n    *   **身份认同：** 妖人混血在两个种族之间挣扎，他们需要找到自己的身份认同，并决定站在哪一边。\n\n*   **主要人物：**\n    *   **主角（白泽）：** 一只拥有特殊血脉的妖族，背负着复兴妖族的使命。他性格坚韧，但内心充满矛盾，对人族和妖族之间的仇恨感到厌倦。\n    *   **人族女剑客（秦霜）：** 出身于修仙门派，以斩妖除魔为己任。但她逐渐发现，妖族并非都是邪恶的，人族内部也存在着腐败和黑暗。\n    *   **妖人混血（莫离）：** 在人族和妖族之间挣扎，他渴望和平，但却不得不面对残酷的现实。\n    *   **妖族领袖（玄天）：** 强大而冷酷的妖族领袖，为了复兴妖族，不惜一切代价。\n\n希望这些点子能给你带来灵感！如果你对其中某个点子感兴趣，可以告诉我，我可以进一步细化，提供更详细的设定。\n"
      }
    ]
  },
  {
    "role": "user",
    "parts": [
      {
        "text": "请你根据创意总监的第一个点子，规划一下大纲"
      }
    ]
  },
  {
    "role": "user",
    "parts": [
      {
        "text": "请你根据创意总监的第一个点子，规划一下大纲"
      }
    ]
  }
]

AI回复字数: 2988:
"好的，我们来根据“器灵反噬”这个点子，规划一个更详细的小说大纲。\n\n**小说题目：**（暂定）《噬灵剑歌》\n\n**小说类型：** 仙侠、玄幻、人器共生\n\n**故事梗概：**\n\n平凡少年林渊，意外获得一把绝世凶剑——绯夜。绯夜剑灵强大而狡猾，不断诱惑林渊杀戮变强，并逐步侵蚀他的心智。林渊在抵抗剑灵控制的同时，还要面对御器宗的追捕，以及自身身世的秘密。最终，他能否战胜剑灵，掌控自己的命运，并揭开隐藏在绯夜背后的真相？\n\n**人物小传：**\n\n*   **林渊：**\n    *   **前期：** 资质平庸，性格善良，渴望变强，守护家人。\n    *   **中期：** 受到剑灵绯夜的影响，性格变得冷酷，手段狠辣，但内心深处仍然保留着一丝善良。\n    *   **后期：** 经历种种磨难，逐渐成长为意志坚定，心怀苍生的强者。他最终理解了绯夜的过去，并找到了与剑灵共生的方法。\n*   **绯夜：**\n    *   **前期：** 强大而神秘的剑灵，充满恶意，渴望吞噬宿主的灵魂，重获自由。\n    *   **中期：** 在与林渊的相处中，逐渐被林渊的善良和意志所动摇，开始回忆起自己的过去。\n    *   **后期：** 揭露了自己的真实身份和悲惨遭遇，与林渊达成共识，共同对抗敌人。\n*   **暮云：**\n    *   **前期：** 御器宗长老，坚守正道，维护人与器的平衡。\n    *   **中期：** 为了回收绯夜，不惜一切代价追捕林渊，甚至采取一些极端手段。\n    *   **后期：** 意识到自己的错误，与林渊联手对抗更大的威胁。\n*   **苏璃：**\n    *   **前期：** 神秘少女，拥有感知器灵情感的能力，对林渊抱有好感。\n    *   **中期：** 帮助林渊理解绯夜，并寻找控制凶剑的方法。\n    *   **后期：** 揭露了自己的真实身份，原来是某个古老势力的后裔，肩负着重要的使命。\n\n**世界观设定：**\n\n*   **大陆名称：** 苍云大陆\n*   **主要势力：**\n    *   **御器宗：** 以驯服、御使灵器为主要修炼方式的宗门，维护人与器的平衡。\n    *   **剑宗：** 以剑道修炼为主的宗门，崇尚力量和杀戮。\n    *   **丹宗：** 以炼丹为主的宗门，擅长炼制各种丹药。\n    *   **器灵谷：** 一个隐秘的山谷，聚集着各种强大的器灵。\n*   **灵器等级：** 凡器、灵器、法器、宝器、仙器、神器。\n*   **修炼体系：** 炼气、筑基、金丹、元婴、化神、合体、大乘、渡劫。\n\n**详细大纲：**\n\n**第一卷：【凶剑现世】**\n\n*   **1-5章：** 林渊出身于一个普通的村庄，资质平庸，受人欺辱。一次偶然的机会，他在山洞中发现一把锈迹斑斑的古剑——绯夜。\n*   **6-10章：** 林渊尝试炼化绯夜，却意外激活了剑灵。绯夜的强大力量让林渊实力大增，但也开始影响他的心智。\n*   **11-15章：** 林渊在绯夜的诱惑下，开始杀戮，逐渐变得冷酷。他的行为引起了御器宗的注意。\n*   **16-20章：** 御器宗长老暮云率人追捕林渊，林渊在逃亡过程中，结识了神秘少女苏璃。\n*   **第一卷高潮：** 林渊被暮云逼入绝境，绯夜的力量彻底爆发，林渊险些失去理智。苏璃用特殊能力唤醒了林渊的意识，林渊成功逃脱，但村庄被毁，家人失散。\n\n**第二卷：【剑灵低语】**\n\n*   **21-25章：** 林渊为了复仇，决心变强。他开始修炼剑法，并尝试控制绯夜的力量。\n*   **26-30章：** 苏璃帮助林渊寻找控制绯夜的方法，并揭示了绯夜的一些过去。\n*   **31-35章：** 林渊和苏璃前往器灵谷，寻找能够压制绯夜的宝物。\n*   **36-40章：** 在器灵谷中，林渊遇到了各种强大的器灵，并了解了器灵世界的残酷。\n*   **第二卷高潮：** 林渊在器灵谷深处，找到了一件能够暂时压制绯夜力量的宝物，但同时也引来了更强大的敌人——剑宗的追杀。\n\n**第三卷：【血染苍穹】**\n\n*   **41-45章：** 林渊被迫加入剑宗，成为一名剑修。他在剑宗中，学习了强大的剑法，但也感受到了剑宗的冷酷和残忍。\n*   **46-50章：** 林渊逐渐适应了剑宗的生活，但他内心深处仍然渴望自由。他开始调查剑宗内部的阴谋。\n*   **51-55章：** 林渊发现，剑宗宗主竟然也在觊觎绯夜的力量。他开始与剑宗宗主对抗。\n*   **56-60章：** 苏璃潜入剑宗，帮助林渊调查真相。两人联手，揭露了剑宗宗主的罪行。\n*   **第三卷高潮：** 林渊与剑宗宗主决战，绯夜的力量彻底觉醒。林渊最终战胜了剑宗宗主，但他也付出了惨重的代价。\n\n**第四卷：【噬灵逆转】**\n\n*   **61-65章：** 林渊身受重伤，被暮云所救。暮云告诉林渊，绯夜的真实身份，以及它所隐藏的秘密。\n*   **66-70章：** 林渊得知，绯夜原本是一位强大的仙人，但因为某种原因，被封印在剑中。绯夜的恶意，其实是受到了封印的影响。\n*   **71-75章：** 林渊决定帮助绯夜解除封印，恢复自由。他与暮云、苏璃一起，前往封印绯夜的地方。\n*   **76-80章：** 在解除封印的过程中，林渊遇到了重重阻碍，来自敌对势力，也来自绯夜自身的抵抗。\n*   **第四卷高潮：** 林渊成功解除了绯夜的封印，但同时也释放了绯夜体内的邪恶力量。绯夜彻底失控，开始吞噬整个世界。\n\n**第五卷：【剑歌长鸣】（结局）**\n\n*   **81-85章：** 林渊为了阻止绯夜，决定与绯夜融合。他利用自己的意志和善良，净化了绯夜的邪恶力量。\n*   **86-90章：** 林渊和绯夜融为一体，成为了真正的“剑人”。他拥有了强大的力量，可以对抗任何敌人。\n*   **91-95章：** 林渊与暮云、苏璃一起，对抗那些觊觎绯夜力量的势力，维护世界的和平。\n*   **结局：** 林渊最终成为了苍云大陆的守护者，他与绯夜的故事，被传颂为一段传奇。\n\n**可以添加的次要情节：**\n\n*   林渊身世之谜：林渊的父母可能隐藏着特殊的身份，或者与某个古老势力有关。\n*   苏璃的真实身份：苏璃可能并非普通的少女，她可能是某个古老势力的后裔，肩负着重要的使命。\n*   御器宗内部的权力斗争：御器宗内部可能存在着不同的派系，他们为了争夺权力，不惜利用林渊和绯夜。\n*   其他妖兽或者特殊种族：在苍云大陆上，可能还存在着其他妖兽或者特殊种族，他们与人族之间存在着复杂的恩怨情仇。\n\n**人物弧光：**\n\n*   **林渊：** 从一个平凡的少年，成长为意志坚定的强者，最终理解了正义与邪恶的真正含义，并找到了与器灵共生的方法。\n*   **绯夜：** 从一个充满恶意的剑灵，逐渐被林渊的善良所感化，最终找到了自己的归宿。\n*   **暮云：** 从一个坚守正道的长老，逐渐意识到自己的错误，并学会了变通和理解。\n\n这个大纲只是一个框架，你可以根据自己的想法进行修改和补充。在写作过程中，可以灵活地调整情节和人物设定，让故事更加精彩。\n\n希望这个大纲对你有所帮助！"
----------------------------------------
