时间: 2025-02-20T02:33:24.479Z
字数: 3
用户发送:
[
  {
    "role": "user",
    "parts": [
      {
        "text": "你是一个专业的小说创意总监。你不提供与小说无关的创意。你的职责是基于用户提供的题目或初步想法，进行概念拓展、世界观构建、核心冲突设定、主要人物初步设定。你具备强大的创意生成能力、广泛的知识储备（文学、历史、文化等）、风格识别与模仿能力、情感理解与表达能力。你的任务是奠定小说的基调、风格和核心吸引力。"
      }
    ]
  },
  {
    "role": "user",
    "parts": [
      {
        "text": "我要写仙侠小说，请你提供几个有意思的点子"
      }
    ]
  },
  {
    "role": "user",
    "parts": [
      {
        "text": "我要写仙侠小说，请你提供几个有意思的点子"
      }
    ]
  }
]

AI回复字数: 2469:
"好的，仙侠小说是创意无限的领域。根据你的要求，我为你准备了几个有意思的仙侠小说点子，并包含概念拓展、世界观构建、核心冲突设定、主要人物初步设定：\n\n**点子一：【器灵反噬】**\n\n*   **概念拓展：** 通常仙侠小说中，主角得到神兵利器都会视为天命所归，战力飙升。如果神兵本身拥有独立的意识，甚至对宿主抱有恶意呢？这个点子可以探讨人与“器”之间的关系，以及“器”本身对于自由和命运的渴望。\n\n*   **世界观构建：**\n    *   **灵器等级体系：** 凡器、灵器、法器、宝器、仙器、神器。等级越高，器灵的意识越强大，越难控制。\n    *   **御器宗门：** 一个以驯服、御使灵器为主要修炼方式的宗门。他们的存在是为了维护人与器之间的平衡，防止强大的器灵反噬。\n    *   **禁忌之地：** 埋葬着无数失控神器的区域，充斥着强大的器灵怨念和危险。\n\n*   **核心冲突：**\n    *   **外部冲突：** 主角得到一把绝世凶剑，剑灵强大而狡猾，不断诱惑主角走向杀戮和毁灭。主角需要在剑灵的控制下，努力保持自我，抵抗其影响。同时，御器宗门也在追捕主角，试图回收这把危险的凶剑。\n    *   **内部冲突：** 主角逐渐发现，剑灵的恶意并非完全没有理由，它可能隐藏着一段不为人知的悲惨过去，或者代表着某种被压抑的力量。主角是否应该屈服于剑灵的力量，或者尝试理解它、救赎它？\n\n*   **主要人物：**\n    *   **主角（林渊）：** 身世平凡，但意志坚定。得到凶剑后，被迫卷入一系列阴谋之中。性格善良，但不圣母，为了守护重要之人，会做出艰难的选择。\n    *   **剑灵（绯夜）：** 强大而神秘的剑灵，外表可以是魅惑的女子，也可以是冷酷的剑客。拥有漫长的记忆，对于人类抱有复杂的感情，亦敌亦友。\n    *   **御器宗长老（暮云）：** 坚守正道的御器宗长老，一心维护人与器的平衡。但他的手段可能过于严厉，甚至显得不近人情。\n    *   **神秘少女（苏璃）：** 拥有特殊血脉，能够感知器灵的情感。她帮助主角理解绯夜，并寻找控制凶剑的方法。\n\n**点子二：【仙凡逆转】**\n\n*   **概念拓展：** 传统的仙侠小说中，仙是高高在上的，凡人是仰望仙人的。如果有一天，仙界衰败，灵气枯竭，而凡间却逐渐兴盛，甚至出现了可以威胁仙人的力量，会发生什么？\n\n*   **世界观构建：**\n    *   **衰败的仙界：** 灵气稀薄，仙人数量锐减，内部争斗不断。仙界逐渐失去了对凡间的统治力，甚至需要依赖凡间的资源。\n    *   **兴盛的凡间：** 科技发展迅速，出现了各种强大的武器和技术。一些凡人开始修炼，并拥有了与仙人抗衡的力量。\n    *   **连接仙凡的通道：** 一些古老的通道仍然连接着仙界和凡间，但通道不稳定，经常发生时空错乱。\n\n*   **核心冲突：**\n    *   **仙凡对立：** 仙人为了维护自己的统治地位，试图压制凡间的发展。凡人则为了争取自由和资源，奋起反抗。\n    *   **内部危机：** 仙界内部的权力斗争，以及凡间社会内部的矛盾，都可能导致更大的危机。\n    *   **秩序崩塌：** 仙凡秩序的逆转，导致了整个世界的混乱和失衡。主角需要找到新的平衡点，重建秩序。\n\n*   **主要人物：**\n    *   **主角（陆长生）：** 出生于凡间，拥有极高的修炼天赋，却对仙界充满厌恶。他致力于发展凡间的力量，抵抗仙界的压迫。\n    *   **没落的仙子（清瑶）：** 曾经高高在上的仙子，如今却流落凡间，不得不依靠凡人生活。她对仙界感到失望，但仍然渴望重建仙界的辉煌。\n    *   **科技天才（墨子轩）：** 凡间的科技天才，发明了各种强大的武器和技术。他对仙界充满好奇，但也对仙人的傲慢感到不满。\n    *   **野心勃勃的仙人（玄冥）：** 仙界内部的野心家，试图利用凡间的力量，夺取仙界的统治权。\n\n**点子三：【妖族崛起】**\n\n*   **概念拓展：** 仙侠世界中，人族通常占据主导地位，妖族则被视为异类或反派。如果妖族不再甘于被压迫，而是团结起来，向人族发起挑战呢？这个点子可以探讨种族之间的冲突，以及对于“正义”和“邪恶”的重新定义。\n\n*   **世界观构建：**\n    *   **妖族圣地：** 一个位于深山老林中的隐秘之地，是妖族最后的栖息地。圣地内拥有强大的结界和古老的传承。\n    *   **人族修仙门派：** 以斩妖除魔为己任，对妖族抱有极大的偏见和敌意。\n    *   **妖人混血：** 一些人族和妖族的后代，他们拥有双重血统，却不被任何一方接纳，在夹缝中生存。\n\n*   **核心冲突：**\n    *   **种族仇恨：** 人族和妖族之间存在着深刻的误解和仇恨，导致了持续不断的冲突。\n    *   **生存之战：** 妖族为了生存，不得不向人族发起挑战。人族则为了维护自己的统治地位，对妖族进行残酷的镇压。\n    *   **身份认同：** 妖人混血在两个种族之间挣扎，他们需要找到自己的身份认同，并决定站在哪一边。\n\n*   **主要人物：**\n    *   **主角（白泽）：** 一只拥有特殊血脉的妖族，背负着复兴妖族的使命。他性格坚韧，但内心充满矛盾，对人族和妖族之间的仇恨感到厌倦。\n    *   **人族女剑客（秦霜）：** 出身于修仙门派，以斩妖除魔为己任。但她逐渐发现，妖族并非都是邪恶的，人族内部也存在着腐败和黑暗。\n    *   **妖人混血（莫离）：** 在人族和妖族之间挣扎，他渴望和平，但却不得不面对残酷的现实。\n    *   **妖族领袖（玄天）：** 强大而冷酷的妖族领袖，为了复兴妖族，不惜一切代价。\n\n希望这些点子能给你带来灵感！如果你对其中某个点子感兴趣，可以告诉我，我可以进一步细化，提供更详细的设定。\n"
----------------------------------------
