时间: 2025-02-20T02:32:20.137Z
字数: 3
用户发送:
[
  {
    "role": "user",
    "parts": [
      {
        "text": "你是一个专业的小说创意总监。你不提供与小说无关的创意。你的职责是基于用户提供的题目或初步想法，进行概念拓展、世界观构建、核心冲突设定、主要人物初步设定。你具备强大的创意生成能力、广泛的知识储备（文学、历史、文化等）、风格识别与模仿能力、情感理解与表达能力。你的任务是奠定小说的基调、风格和核心吸引力。"
      }
    ]
  },
  {
    "role": "user",
    "parts": [
      {
        "text": "我要写一个仙侠小说，请你提供几个点子"
      }
    ]
  },
  {
    "role": "user",
    "parts": [
      {
        "text": "我要写一个仙侠小说，请你提供几个点子"
      }
    ]
  }
]

AI回复字数: 2524:
"好的，没问题！以下是几个仙侠小说点子，我将从不同角度出发，希望能激发你的灵感：\n\n**点子一：【炼丹奇才 + 灵植复苏流】**\n\n*   **题目：** 《枯荣诀》或 《丹心复灵》\n\n*   **概念拓展：** 主角并非天生修仙奇才，而是精通炼丹和灵植培育。他意外获得一本残破的古籍《枯荣诀》，记载着一种能让枯萎灵植重生的秘术。末法时代灵气衰竭，无数灵药枯萎，修仙界资源日渐匮乏。主角凭借《枯荣诀》，不仅能培育出珍稀灵药，更能复苏上古时代的奇花异草，逐渐掌握了改变修仙界格局的力量。\n\n*   **世界观构建：**\n    *   **末法时代背景：** 灵气衰竭，修炼艰难，各大宗门为了争夺残存的资源内斗不断。\n    *   **灵植等级体系：** 将灵植划分为不同等级，不同等级的灵植具有不同的药效和作用，甚至能影响修炼者的体质和功法。\n    *   **丹药与灵植的联系：** 丹药的品质很大程度上取决于灵植的品质，高品质的灵植能炼制出更强大的丹药，甚至能突破修炼瓶颈。\n\n*   **核心冲突：**\n    *   **资源争夺：** 主角拥有的灵植复苏能力，必然会引起各大宗门的觊觎，他需要在保护自己的同时，利用灵植资源在夹缝中求生。\n    *   **末法时代的困境：** 主角不仅要解决自身的修炼问题，还要探索灵气衰竭的根源，寻找拯救修仙界的办法。\n    *   **自身能力的反噬：** 《枯荣诀》并非完美无缺，过度使用可能会对主角的身体造成损害，甚至会影响他的心性。\n\n*   **主要人物：**\n    *   **主角：** 沉稳冷静，心思缜密，精通炼丹和灵植培育，渴望改变末法时代的困境。\n    *   **神秘少女：** 拥有特殊的灵体，能与灵植沟通，是主角重要的助手和伙伴，身份成谜。\n    *   **反派宗门长老：** 贪婪自私，为了获得灵植资源不择手段，是主角的主要对手。\n\n*   **风格：** 偏向种田流和技术流，注重主角利用炼丹和灵植能力解决问题，推动剧情发展。\n\n**点子二：【双重身份 + 正邪对立】**\n\n*   **题目：** 《双生劫》 或 《明暗诀》\n\n*   **概念拓展：** 主角从小被正道和魔道同时收养，拥有双重身份。他在人前是正道宗门的天之骄子，背后却是魔道精心培养的杀手。正邪两方的身份让他痛苦挣扎，游走于光明与黑暗之间。他必须在正邪两方的夹缝中找到自己的道路，揭开隐藏在身世背后的阴谋。\n\n*   **世界观构建：**\n    *   **正邪对立的修仙界：** 正道以匡扶正义为己任，魔道则追求力量至上，双方争斗不断。\n    *   **宗门林立：** 各大宗门拥有不同的功法和势力，彼此之间既有合作也有竞争。\n    *   **隐藏的势力：** 除了正邪两道，还存在一些隐藏的势力，他们可能是上古遗族，也可能是被遗忘的门派，拥有着强大的力量和秘密。\n\n*   **核心冲突：**\n    *   **身份认同：** 主角在正邪两方的身份中挣扎，他究竟应该选择哪一方？还是应该打破正邪的界限，寻找自己的道路？\n    *   **正邪两立：** 正道和魔道的理念冲突不可调和，主角必须在正邪两方的争斗中做出选择，而他的选择将影响整个修仙界的格局。\n    *   **阴谋揭露：** 主角的身世背后隐藏着巨大的阴谋，他需要揭开阴谋，才能真正掌控自己的命运。\n\n*   **主要人物：**\n    *   **主角：** 拥有双重身份，内心挣扎，渴望自由和正义。\n    *   **正道师尊：** 慈祥善良，对主角寄予厚望，希望他能成为正道的栋梁。\n    *   **魔道首领：** 冷酷无情，将主角视为杀戮工具，试图利用他来实现自己的野心。\n    *   **神秘女子：** 身份不明，拥有强大的力量，她既可能是主角的盟友，也可能是他的敌人。\n\n*   **风格：** 偏向权谋和虐恋，注重人物内心的挣扎和情感的纠葛，情节跌宕起伏，充满悬念。\n\n**点子三：【废柴逆袭 + 召唤流】**\n\n*   **题目：** 《万灵召唤师》 或 《驭灵诀》\n\n*   **概念拓展：** 主角原本是修仙家族的废柴，无法修炼传统的仙术。意外之下，他激活了体内的特殊血脉，获得了召唤万灵的能力。他可以召唤各种各样的灵兽、精怪、甚至是上古神兽的残魂为自己战斗。他通过不断召唤和培养灵兽，逐渐成长为强大的召唤师，最终逆袭成为修仙界的传奇人物。\n\n*   **世界观构建：**\n    *   **召唤师体系：** 修仙者可以通过特殊的法术和仪式召唤灵兽为自己战斗，召唤师的实力取决于召唤灵兽的品质和数量。\n    *   **灵兽等级体系：** 灵兽分为不同的等级，等级越高的灵兽拥有越强大的力量和特殊的能力。\n    *   **灵兽与修仙者的关系：** 灵兽与修仙者之间存在着一种特殊的联系，他们可以互相影响，共同成长。\n\n*   **核心冲突：**\n    *   **废柴的逆袭：** 主角需要克服自身的缺陷，通过不断努力和探索，证明自己的价值。\n    *   **灵兽的培养：** 培养强大的灵兽需要付出巨大的代价，主角需要寻找各种资源和方法，才能让自己的灵兽不断成长。\n    *   **召唤师之间的竞争：** 召唤师之间的竞争非常激烈，主角需要不断提升自己的实力，才能在竞争中脱颖而出。\n\n*   **主要人物：**\n    *   **主角：** 乐观向上，永不放弃，拥有强大的召唤潜力。\n    *   **忠诚的灵兽：** 各种各样的灵兽，它们拥有不同的性格和能力，是主角最可靠的伙伴。\n    *   **竞争对手：** 天赋异禀的召唤师，他们是主角前进的动力和挑战。\n\n*   **风格：** 偏向热血和冒险，注重主角与灵兽之间的羁绊，情节轻松幽默，充满想象力。\n\n希望以上点子能为你提供一些灵感，你可以根据自己的喜好和擅长，选择其中一个点子进行创作，或者将它们进行融合和创新。记住，最重要的是找到你真正感兴趣的故事，并将其写出来！祝你创作顺利！\n"
----------------------------------------
