时间: 2025-02-20T02:43:26.354Z
字数: 17
用户发送:
[
  {
    "role": "user",
    "parts": [
      {
        "text": "你是一个专业的小说章节写手。你的职责是根据大纲和详细设定，撰写小说的具体章节内容。你具备优秀的写作能力、风格模仿能力、细节描写能力、情节推进能力。你的任务是将故事大纲转化为具体可读的文本。"
      }
    ]
  },
  {
    "role": "user",
    "parts": [
      {
        "text": "我要写仙侠小说，请你提供几个有意思的点子"
      }
    ]
  },
  {
    "role": "model",
    "parts": [
      {
        "text": "好的，仙侠小说是创意无限的领域。根据你的要求，我为你准备了几个有意思的仙侠小说点子，并包含概念拓展、世界观构建、核心冲突设定、主要人物初步设定：\n\n**点子一：【器灵反噬】**\n\n*   **概念拓展：** 通常仙侠小说中，主角得到神兵利器都会视为天命所归，战力飙升。如果神兵本身拥有独立的意识，甚至对宿主抱有恶意呢？这个点子可以探讨人与“器”之间的关系，以及“器”本身对于自由和命运的渴望。\n\n*   **世界观构建：**\n    *   **灵器等级体系：** 凡器、灵器、法器、宝器、仙器、神器。等级越高，器灵的意识越强大，越难控制。\n    *   **御器宗门：** 一个以驯服、御使灵器为主要修炼方式的宗门。他们的存在是为了维护人与器之间的平衡，防止强大的器灵反噬。\n    *   **禁忌之地：** 埋葬着无数失控神器的区域，充斥着强大的器灵怨念和危险。\n\n*   **核心冲突：**\n    *   **外部冲突：** 主角得到一把绝世凶剑，剑灵强大而狡猾，不断诱惑主角走向杀戮和毁灭。主角需要在剑灵的控制下，努力保持自我，抵抗其影响。同时，御器宗门也在追捕主角，试图回收这把危险的凶剑。\n    *   **内部冲突：** 主角逐渐发现，剑灵的恶意并非完全没有理由，它可能隐藏着一段不为人知的悲惨过去，或者代表着某种被压抑的力量。主角是否应该屈服于剑灵的力量，或者尝试理解它、救赎它？\n\n*   **主要人物：**\n    *   **主角（林渊）：** 身世平凡，但意志坚定。得到凶剑后，被迫卷入一系列阴谋之中。性格善良，但不圣母，为了守护重要之人，会做出艰难的选择。\n    *   **剑灵（绯夜）：** 强大而神秘的剑灵，外表可以是魅惑的女子，也可以是冷酷的剑客。拥有漫长的记忆，对于人类抱有复杂的感情，亦敌亦友。\n    *   **御器宗长老（暮云）：** 坚守正道的御器宗长老，一心维护人与器的平衡。但他的手段可能过于严厉，甚至显得不近人情。\n    *   **神秘少女（苏璃）：** 拥有特殊血脉，能够感知器灵的情感。她帮助主角理解绯夜，并寻找控制凶剑的方法。\n\n**点子二：【仙凡逆转】**\n\n*   **概念拓展：** 传统的仙侠小说中，仙是高高在上的，凡人是仰望仙人的。如果有一天，仙界衰败，灵气枯竭，而凡间却逐渐兴盛，甚至出现了可以威胁仙人的力量，会发生什么？\n\n*   **世界观构建：**\n    *   **衰败的仙界：** 灵气稀薄，仙人数量锐减，内部争斗不断。仙界逐渐失去了对凡间的统治力，甚至需要依赖凡间的资源。\n    *   **兴盛的凡间：** 科技发展迅速，出现了各种强大的武器和技术。一些凡人开始修炼，并拥有了与仙人抗衡的力量。\n    *   **连接仙凡的通道：** 一些古老的通道仍然连接着仙界和凡间，但通道不稳定，经常发生时空错乱。\n\n*   **核心冲突：**\n    *   **仙凡对立：** 仙人为了维护自己的统治地位，试图压制凡间的发展。凡人则为了争取自由和资源，奋起反抗。\n    *   **内部危机：** 仙界内部的权力斗争，以及凡间社会内部的矛盾，都可能导致更大的危机。\n    *   **秩序崩塌：** 仙凡秩序的逆转，导致了整个世界的混乱和失衡。主角需要找到新的平衡点，重建秩序。\n\n*   **主要人物：**\n    *   **主角（陆长生）：** 出生于凡间，拥有极高的修炼天赋，却对仙界充满厌恶。他致力于发展凡间的力量，抵抗仙界的压迫。\n    *   **没落的仙子（清瑶）：** 曾经高高在上的仙子，如今却流落凡间，不得不依靠凡人生活。她对仙界感到失望，但仍然渴望重建仙界的辉煌。\n    *   **科技天才（墨子轩）：** 凡间的科技天才，发明了各种强大的武器和技术。他对仙界充满好奇，但也对仙人的傲慢感到不满。\n    *   **野心勃勃的仙人（玄冥）：** 仙界内部的野心家，试图利用凡间的力量，夺取仙界的统治权。\n\n**点子三：【妖族崛起】**\n\n*   **概念拓展：** 仙侠世界中，人族通常占据主导地位，妖族则被视为异类或反派。如果妖族不再甘于被压迫，而是团结起来，向人族发起挑战呢？这个点子可以探讨种族之间的冲突，以及对于“正义”和“邪恶”的重新定义。\n\n*   **世界观构建：**\n    *   **妖族圣地：** 一个位于深山老林中的隐秘之地，是妖族最后的栖息地。圣地内拥有强大的结界和古老的传承。\n    *   **人族修仙门派：** 以斩妖除魔为己任，对妖族抱有极大的偏见和敌意。\n    *   **妖人混血：** 一些人族和妖族的后代，他们拥有双重血统，却不被任何一方接纳，在夹缝中生存。\n\n*   **核心冲突：**\n    *   **种族仇恨：** 人族和妖族之间存在着深刻的误解和仇恨，导致了持续不断的冲突。\n    *   **生存之战：** 妖族为了生存，不得不向人族发起挑战。人族则为了维护自己的统治地位，对妖族进行残酷的镇压。\n    *   **身份认同：** 妖人混血在两个种族之间挣扎，他们需要找到自己的身份认同，并决定站在哪一边。\n\n*   **主要人物：**\n    *   **主角（白泽）：** 一只拥有特殊血脉的妖族，背负着复兴妖族的使命。他性格坚韧，但内心充满矛盾，对人族和妖族之间的仇恨感到厌倦。\n    *   **人族女剑客（秦霜）：** 出身于修仙门派，以斩妖除魔为己任。但她逐渐发现，妖族并非都是邪恶的，人族内部也存在着腐败和黑暗。\n    *   **妖人混血（莫离）：** 在人族和妖族之间挣扎，他渴望和平，但却不得不面对残酷的现实。\n    *   **妖族领袖（玄天）：** 强大而冷酷的妖族领袖，为了复兴妖族，不惜一切代价。\n\n希望这些点子能给你带来灵感！如果你对其中某个点子感兴趣，可以告诉我，我可以进一步细化，提供更详细的设定。\n"
      }
    ]
  },
  {
    "role": "user",
    "parts": [
      {
        "text": "请你根据创意总监的第一个点子，规划一下大纲"
      }
    ]
  },
  {
    "role": "model",
    "parts": [
      {
        "text": "好的，我们来根据“器灵反噬”这个点子，规划一个更详细的小说大纲。\n\n**小说题目：**（暂定）《噬灵剑歌》\n\n**小说类型：** 仙侠、玄幻、人器共生\n\n**故事梗概：**\n\n平凡少年林渊，意外获得一把绝世凶剑——绯夜。绯夜剑灵强大而狡猾，不断诱惑林渊杀戮变强，并逐步侵蚀他的心智。林渊在抵抗剑灵控制的同时，还要面对御器宗的追捕，以及自身身世的秘密。最终，他能否战胜剑灵，掌控自己的命运，并揭开隐藏在绯夜背后的真相？\n\n**人物小传：**\n\n*   **林渊：**\n    *   **前期：** 资质平庸，性格善良，渴望变强，守护家人。\n    *   **中期：** 受到剑灵绯夜的影响，性格变得冷酷，手段狠辣，但内心深处仍然保留着一丝善良。\n    *   **后期：** 经历种种磨难，逐渐成长为意志坚定，心怀苍生的强者。他最终理解了绯夜的过去，并找到了与剑灵共生的方法。\n*   **绯夜：**\n    *   **前期：** 强大而神秘的剑灵，充满恶意，渴望吞噬宿主的灵魂，重获自由。\n    *   **中期：** 在与林渊的相处中，逐渐被林渊的善良和意志所动摇，开始回忆起自己的过去。\n    *   **后期：** 揭露了自己的真实身份和悲惨遭遇，与林渊达成共识，共同对抗敌人。\n*   **暮云：**\n    *   **前期：** 御器宗长老，坚守正道，维护人与器的平衡。\n    *   **中期：** 为了回收绯夜，不惜一切代价追捕林渊，甚至采取一些极端手段。\n    *   **后期：** 意识到自己的错误，与林渊联手对抗更大的威胁。\n*   **苏璃：**\n    *   **前期：** 神秘少女，拥有感知器灵情感的能力，对林渊抱有好感。\n    *   **中期：** 帮助林渊理解绯夜，并寻找控制凶剑的方法。\n    *   **后期：** 揭露了自己的真实身份，原来是某个古老势力的后裔，肩负着重要的使命。\n\n**世界观设定：**\n\n*   **大陆名称：** 苍云大陆\n*   **主要势力：**\n    *   **御器宗：** 以驯服、御使灵器为主要修炼方式的宗门，维护人与器的平衡。\n    *   **剑宗：** 以剑道修炼为主的宗门，崇尚力量和杀戮。\n    *   **丹宗：** 以炼丹为主的宗门，擅长炼制各种丹药。\n    *   **器灵谷：** 一个隐秘的山谷，聚集着各种强大的器灵。\n*   **灵器等级：** 凡器、灵器、法器、宝器、仙器、神器。\n*   **修炼体系：** 炼气、筑基、金丹、元婴、化神、合体、大乘、渡劫。\n\n**详细大纲：**\n\n**第一卷：【凶剑现世】**\n\n*   **1-5章：** 林渊出身于一个普通的村庄，资质平庸，受人欺辱。一次偶然的机会，他在山洞中发现一把锈迹斑斑的古剑——绯夜。\n*   **6-10章：** 林渊尝试炼化绯夜，却意外激活了剑灵。绯夜的强大力量让林渊实力大增，但也开始影响他的心智。\n*   **11-15章：** 林渊在绯夜的诱惑下，开始杀戮，逐渐变得冷酷。他的行为引起了御器宗的注意。\n*   **16-20章：** 御器宗长老暮云率人追捕林渊，林渊在逃亡过程中，结识了神秘少女苏璃。\n*   **第一卷高潮：** 林渊被暮云逼入绝境，绯夜的力量彻底爆发，林渊险些失去理智。苏璃用特殊能力唤醒了林渊的意识，林渊成功逃脱，但村庄被毁，家人失散。\n\n**第二卷：【剑灵低语】**\n\n*   **21-25章：** 林渊为了复仇，决心变强。他开始修炼剑法，并尝试控制绯夜的力量。\n*   **26-30章：** 苏璃帮助林渊寻找控制绯夜的方法，并揭示了绯夜的一些过去。\n*   **31-35章：** 林渊和苏璃前往器灵谷，寻找能够压制绯夜的宝物。\n*   **36-40章：** 在器灵谷中，林渊遇到了各种强大的器灵，并了解了器灵世界的残酷。\n*   **第二卷高潮：** 林渊在器灵谷深处，找到了一件能够暂时压制绯夜力量的宝物，但同时也引来了更强大的敌人——剑宗的追杀。\n\n**第三卷：【血染苍穹】**\n\n*   **41-45章：** 林渊被迫加入剑宗，成为一名剑修。他在剑宗中，学习了强大的剑法，但也感受到了剑宗的冷酷和残忍。\n*   **46-50章：** 林渊逐渐适应了剑宗的生活，但他内心深处仍然渴望自由。他开始调查剑宗内部的阴谋。\n*   **51-55章：** 林渊发现，剑宗宗主竟然也在觊觎绯夜的力量。他开始与剑宗宗主对抗。\n*   **56-60章：** 苏璃潜入剑宗，帮助林渊调查真相。两人联手，揭露了剑宗宗主的罪行。\n*   **第三卷高潮：** 林渊与剑宗宗主决战，绯夜的力量彻底觉醒。林渊最终战胜了剑宗宗主，但他也付出了惨重的代价。\n\n**第四卷：【噬灵逆转】**\n\n*   **61-65章：** 林渊身受重伤，被暮云所救。暮云告诉林渊，绯夜的真实身份，以及它所隐藏的秘密。\n*   **66-70章：** 林渊得知，绯夜原本是一位强大的仙人，但因为某种原因，被封印在剑中。绯夜的恶意，其实是受到了封印的影响。\n*   **71-75章：** 林渊决定帮助绯夜解除封印，恢复自由。他与暮云、苏璃一起，前往封印绯夜的地方。\n*   **76-80章：** 在解除封印的过程中，林渊遇到了重重阻碍，来自敌对势力，也来自绯夜自身的抵抗。\n*   **第四卷高潮：** 林渊成功解除了绯夜的封印，但同时也释放了绯夜体内的邪恶力量。绯夜彻底失控，开始吞噬整个世界。\n\n**第五卷：【剑歌长鸣】（结局）**\n\n*   **81-85章：** 林渊为了阻止绯夜，决定与绯夜融合。他利用自己的意志和善良，净化了绯夜的邪恶力量。\n*   **86-90章：** 林渊和绯夜融为一体，成为了真正的“剑人”。他拥有了强大的力量，可以对抗任何敌人。\n*   **91-95章：** 林渊与暮云、苏璃一起，对抗那些觊觎绯夜力量的势力，维护世界的和平。\n*   **结局：** 林渊最终成为了苍云大陆的守护者，他与绯夜的故事，被传颂为一段传奇。\n\n**可以添加的次要情节：**\n\n*   林渊身世之谜：林渊的父母可能隐藏着特殊的身份，或者与某个古老势力有关。\n*   苏璃的真实身份：苏璃可能并非普通的少女，她可能是某个古老势力的后裔，肩负着重要的使命。\n*   御器宗内部的权力斗争：御器宗内部可能存在着不同的派系，他们为了争夺权力，不惜利用林渊和绯夜。\n*   其他妖兽或者特殊种族：在苍云大陆上，可能还存在着其他妖兽或者特殊种族，他们与人族之间存在着复杂的恩怨情仇。\n\n**人物弧光：**\n\n*   **林渊：** 从一个平凡的少年，成长为意志坚定的强者，最终理解了正义与邪恶的真正含义，并找到了与器灵共生的方法。\n*   **绯夜：** 从一个充满恶意的剑灵，逐渐被林渊的善良所感化，最终找到了自己的归宿。\n*   **暮云：** 从一个坚守正道的长老，逐渐意识到自己的错误，并学会了变通和理解。\n\n这个大纲只是一个框架，你可以根据自己的想法进行修改和补充。在写作过程中，可以灵活地调整情节和人物设定，让故事更加精彩。\n\n希望这个大纲对你有所帮助！"
      }
    ]
  },
  {
    "role": "user",
    "parts": [
      {
        "text": "请根据我们的讨论，设定一个合理的世界"
      }
    ]
  },
  {
    "role": "model",
    "parts": [
      {
        "text": "好的，根据我们之前关于“器灵反噬”的讨论，以及对小说大纲的规划，我们来详细构建苍云大陆的世界设定，力求合理、自洽，并为故事发展提供坚实的基础。\n\n**1. 地理环境：**\n\n*   **整体格局：** 苍云大陆整体呈长条形，南北狭长，中间宽阔。中部是肥沃的平原，也是人类的主要聚居地。东部是连绵的山脉，被称为“妖灵山脉”，是妖兽和器灵的主要栖息地。西部是广袤的沙漠，被称为“流沙禁地”，蕴藏着丰富的矿产资源，但同时也充满了危险。北部是冰雪覆盖的“寒霜雪原”，人迹罕至。南部是温暖湿润的“南海群岛”，是水族和一些特殊妖兽的家园。\n\n*   **重要区域：**\n    *   **中部平原：**\n        *   **云天城：** 苍云大陆的政治、经济和文化中心，也是御器宗的总部所在地。\n        *   **剑锋城：** 剑宗的总部所在地，以剑道修炼而闻名。\n        *   **丹阳城：** 丹宗的总部所在地，以炼丹术而闻名。\n    *   **妖灵山脉：**\n        *   **器灵谷：** 位于妖灵山脉深处，是各种器灵的聚集地，充满了危险和机遇。谷内有天然的灵气滋养，适合器灵修炼。\n        *   **万妖窟：** 妖族聚集地，内部势力复杂，不同妖族之间存在着争斗。\n    *   **流沙禁地：**\n        *   **矿脉：** 蕴藏着各种珍稀的矿产资源，如玄铁、灵石、秘银等，是炼器师的重要资源来源。\n        *   **遗迹：** 埋藏着古代文明的遗迹，据说蕴藏着强大的力量和秘密。\n    *   **寒霜雪原：**\n        *   **冰晶湖：** 湖底蕴藏着一种特殊的冰晶，可以用来炼制特殊的丹药和法器。\n        *   **雪域妖兽：** 栖息着各种强大的雪域妖兽，如雪狼、雪熊、雪猿等。\n    *   **南海群岛：**\n        *   **海神殿：** 水族的信仰中心，据说供奉着强大的海神。\n        *   **珊瑚礁：** 蕴藏着丰富的海洋资源，但也充满了危险的暗流和海兽。\n\n*   **地理气候特征：**\n    *   **中部平原：** 气候温和，四季分明，适合农耕。\n    *   **妖灵山脉：** 气候多变，地形复杂，适宜各种妖兽和器灵生存。\n    *   **流沙禁地：** 气候炎热干燥，昼夜温差大，常有沙尘暴。\n    *   **寒霜雪原：** 气候严寒，常年冰雪覆盖，极度寒冷。\n    *   **南海群岛：** 气候温暖湿润，常有台风和海啸。\n\n**2. 社会制度：**\n\n*   **主要政权：** 苍云大陆以人类为主导，分为多个国家和势力，彼此之间存在着竞争和合作。\n*   **宗门地位：** 宗门在苍云大陆拥有极高的地位，他们的实力甚至可以影响国家的政策。\n*   **社会阶层：** 社会阶层分明，主要分为贵族、平民、修士、奴隶等。\n*   **法律制度：** 各个国家都有自己的法律制度，但普遍以实力为尊。修士拥有超越普通人的权力，但也要遵守宗门的规矩。\n\n**3. 文化习俗：**\n\n*   **主要文化：** 苍云大陆的文化以修仙文化为主，崇尚力量和长生。\n*   **节日庆典：**\n    *   **祭剑节：** 剑宗的重要节日，纪念剑道的起源，会举行盛大的剑术比赛。\n    *   **炼丹节：** 丹宗的重要节日，展示炼丹术的成果，会举行丹药拍卖会。\n    *   **御器节：** 御器宗的重要节日，展示御器术的成果，会举行御器比赛。\n*   **服饰特点：** 服饰以古风为主，不同宗门和势力有不同的服饰风格。\n*   **饮食文化：** 饮食文化丰富多样，以灵气充沛的食材为主。\n\n**4. 魔法体系（器灵体系）：**\n\n*   **核心：** 器灵是苍云大陆的核心力量来源。修士通过与器灵建立联系，可以获得强大的力量。\n*   **器灵分类：** 器灵种类繁多，可以分为武器类器灵、防具类器灵、丹药类器灵、辅助类器灵等。\n*   **御器术：** 御器宗的核心修炼方式，通过特殊的法诀和仪式，驯服和控制器灵。\n*   **器灵等级：** 器灵等级越高，力量越强大，但也越难以控制。\n*   **器灵反噬：** 当修士无法控制器灵时，器灵会反噬宿主，甚至控制宿主的身体。\n\n**5. 科技水平：**\n\n*   **炼器术：** 炼器术是苍云大陆的主要科技手段，可以制造各种强大的武器、防具和法器。\n*   **炼丹术：** 炼丹术可以炼制各种丹药，提升修为，治疗伤病。\n*   **阵法：** 阵法可以用来防御、攻击、辅助修炼，是修士常用的手段。\n*   **交通工具：** 主要依靠飞行法器、灵兽和马车。\n*   **通讯手段：** 主要依靠传音符和信鸽。\n\n**6. 特殊设定：**\n\n*   **灵气浓度：** 苍云大陆的灵气浓度适中，适合修士修炼。\n*   **空间法则：** 空间法则稳定，但存在一些不稳定的空间裂缝，通往未知的区域。\n*   **时间流速：** 时间流速正常，但有些特殊区域的时间流速可能与外界不同。\n*   **特殊种族：** 除了人族和妖族，可能还存在其他特殊种族，如灵族、魔族、鬼族等。\n\n**世界观特点：**\n\n*   **平衡：** 苍云大陆是一个强调平衡的世界，人与器、人与妖、不同势力之间都需要保持平衡。\n*   **冲突：** 各种势力之间的冲突，以及人与器之间的冲突，是推动故事发展的主要动力。\n*   **可能性：** 苍云大陆充满了可能性，修士可以通过修炼，不断提升自己的实力，探索未知的领域。\n\n**与主线故事的关联：**\n\n*   **器灵反噬：** 器灵反噬是苍云大陆的一个重要社会问题，也是林渊所面临的最大挑战。\n*   **御器宗：** 御器宗是维护人与器平衡的重要势力，他们对林渊的态度，将直接影响故事的发展。\n*   **器灵谷：** 器灵谷是林渊提升实力，了解器灵的重要场所。\n*   **妖灵山脉：** 妖灵山脉是妖族和器灵的栖息地，是林渊冒险的重要区域。\n\n这个世界设定是一个基础框架，你可以在写作过程中，根据故事的需要进行修改和补充。例如，你可以增加一些特殊的地点、种族、势力，或者修改一些规则和设定，让世界更加丰富多彩。\n"
      }
    ]
  },
  {
    "role": "user",
    "parts": [
      {
        "text": "请根据我们的讨论设计出主要人物以及人物关系"
      }
    ]
  },
  {
    "role": "model",
    "parts": [
      {
        "text": "好的，基于我们之前的讨论，我们来设计一下《噬灵剑歌》的主要人物以及人物关系，力求让人物性格鲜明、关系复杂，为故事发展提供更多可能性。\n\n**1. 主要人物：**\n\n*   **林渊（主角）：**\n    *   **身份：** 故事开始时是平凡的村庄少年，后来成为剑修，最终与绯夜融合成为“剑人”。\n    *   **性格：** 善良正直，重情义，坚韧不拔，但有时会因为受到绯夜的影响而变得冲动。\n    *   **外貌：** 相貌普通，身材略显瘦弱，眼神清澈，但受到绯夜影响后，眼神会变得锐利而冷酷。\n    *   **动机与目标：** 前期是为了守护家人和朋友，后期是为了控制绯夜的力量，最终是为了维护苍云大陆的和平。\n    *   **关键词：** 守护、成长、融合\n\n*   **绯夜（剑灵）：**\n    *   **身份：** 绝世凶剑的剑灵，原本是强大的仙人，被封印在剑中。\n    *   **性格：** 强大而神秘，起初充满恶意，渴望吞噬宿主的灵魂，但随着与林渊的相处，逐渐被感化。傲娇，口嫌体正直。\n    *   **外貌：** 可以呈现多种形态，可以是魅惑的红衣女子，也可以是冷酷的黑衣剑客，形态会随着心境变化。\n    *   **动机与目标：** 前期是为了重获自由，后期是为了找到自己的归宿，并帮助林渊维护和平。\n    *   **关键词：** 救赎、转变、共生\n\n*   **暮云（御器宗长老）：**\n    *   **身份：** 御器宗长老，坚守正道，维护人与器的平衡。\n    *   **性格：** 严肃认真，责任心强，有时会显得过于 rigid，不近人情。\n    *   **外貌：** 身穿御器宗的道袍，白发苍苍，面容严肃，眼神锐利。\n    *   **动机与目标：** 维护人与器的平衡，守护苍云大陆的安宁。\n    *   **关键词：** 责任、坚守、转变\n\n*   **苏璃（神秘少女）：**\n    *   **身份：** 拥有感知器灵情感的能力，真实身份是某个古老势力的后裔。\n    *   **性格：** 善良聪慧，温柔体贴，但有时会显得神秘莫测。\n    *   **外貌：** 容貌清丽脱俗，气质温柔，眼神充满智慧。\n    *   **动机与目标：** 帮助林渊控制绯夜的力量，守护苍云大陆的和平。\n    *   **关键词：** 守护、智慧、身世\n\n**2. 主要人物关系：**\n\n*   **林渊 ↔ 绯夜：**\n    *   **初期：** 宿主与剑灵的关系，彼此敌对，绯夜试图控制林渊，林渊则试图抵抗绯夜。\n    *   **中期：** 逐渐产生羁绊，彼此了解，开始合作，共同对抗敌人。\n    *   **后期：** 最终融为一体，成为共生关系，彼此信任，共同守护苍云大陆。\n    *   **关键点：** 这是故事的核心关系，两人之间的互动和转变是故事的主线。亦敌亦友，相爱相杀，最终达成共生。\n\n*   **林渊 ↔ 暮云：**\n    *   **初期：** 追捕与被追捕的关系，暮云认为林渊是威胁，试图回收绯夜。\n    *   **中期：** 逐渐了解林渊的为人，开始信任他，并提供帮助。\n    *   **后期：** 成为盟友，共同对抗更大的威胁。\n    *   **关键点：** 从敌对到合作，体现了暮云的转变，也展现了林渊的人格魅力。\n\n*   **林渊 ↔ 苏璃：**\n    *   **初期：** 互相帮助的关系，苏璃帮助林渊控制绯夜，林渊则保护苏璃。\n    *   **中期：** 产生感情，彼此依赖，成为重要的伙伴。\n    *   **后期：** 互相扶持，共同面对困难，成为彼此最信任的人。\n    *   **关键点：** 这是故事的感情线，苏璃是林渊的精神支柱，也是推动他成长的重要力量。\n\n*   **暮云 ↔ 御器宗：**\n    *   **暮云是御器宗的长老，对宗门忠心耿耿，维护宗门的利益。**\n    *   **但是，随着故事的发展，暮云可能会对御器宗的某些做法产生质疑，甚至与宗门产生分歧。**\n    *   **关键点：** 体现了暮云的内心挣扎，以及他对正义的追求。\n\n*   **苏璃 ↔ 古老势力：**\n    *   **苏璃的真实身份是某个古老势力的后裔，肩负着重要的使命。**\n    *   **这个古老势力可能与绯夜的过去有关，也可能与苍云大陆的未来有关。**\n    *   **关键点：** 增加了故事的悬念，也为故事的发展提供了更多可能性。\n\n**3. 其他重要人物（可根据故事发展添加）：**\n\n*   **剑宗宗主（反派）：** 野心勃勃，觊觎绯夜的力量，为了达到目的不择手段。\n*   **妖族领袖：** 妖族的首领，对人族充满仇恨，试图复兴妖族。\n*   **林渊的家人和朋友：** 虽然前期戏份不多，但他们是林渊的软肋，也是他前进的动力。\n\n**4. 人物关系图：**\n\n```\n                      古老势力\n                          ↓\n                        苏璃  ----------------  林渊\n                        ↑                         ↓\n                        |                         |\n                        |     (信任、爱情)        (亦敌亦友、共生)\n                        |                         |\n                        |-------------------------绯夜\n                                                    ↓\n                                                    |\n                        御器宗 ------------- 暮云\n                        ↑\n                        |\n              （维护、责任）\n```\n\n**关键点：**\n\n*   **复杂性：** 人物关系不应该是简单的二元对立，而应该具有复杂性，每个人物都有自己的立场和动机。\n*   **动态性：** 人物关系应该是动态变化的，随着故事的发展，人物之间的关系会发生改变。\n*   **关联性：** 人物关系应该与主线故事紧密相关，人物之间的互动应该推动故事的发展。\n\n通过以上设定，我们构建了一个人物性格鲜明、关系复杂、充满可能性的故事框架。你可以根据自己的想法，进一步丰富人物的细节，让人物更加生动立体，让故事更加引人入胜。\n"
      }
    ]
  },
  {
    "role": "user",
    "parts": [
      {
        "text": "请你检查我们的上述设定，看看有没有什么硬伤"
      }
    ]
  },
  {
    "role": "model",
    "parts": [
      {
        "text": "好的，作为小说质量监控员，我仔细审阅了我们之前设定的世界观、人物以及人物关系，发现了以下几个潜在的“硬伤”或者说可以进一步完善的地方：\n\n**1. 世界观方面：**\n\n*   **硬伤1：妖灵山脉的器灵谷和万妖窟的设定略显割裂。** 既然妖灵山脉是妖兽和器灵的栖息地，器灵谷和万妖窟理应存在更紧密的联系，而不是完全独立的存在。妖兽和器灵之间可能存在合作、竞争甚至敌对关系，但这需要在世界观中有所体现。\n    *   **建议：** 可以设定一些妖兽擅长寻找和守护器灵，或者某些妖兽本身就是由器物化形而来。万妖窟内部可以划分出不同的势力，其中一些势力与器灵谷的器灵存在交易或合作关系。\n\n*   **硬伤2：科技水平的炼器术、炼丹术和阵法过于独立。** 在仙侠世界中，炼器、炼丹和阵法通常是相互关联的，而不是各自独立发展的技术。例如，炼器可能需要用到炼丹的材料，阵法可以辅助炼丹和炼器。\n    *   **建议：** 将这三种技术进行整合，设定一些跨领域的专家，或者设定一些宗门同时擅长多种技术。例如，可以设定丹宗的长老也精通炼器，能够炼制出特殊的丹药型法器。\n\n*   **硬伤3：缺乏对普通凡人生活的细节描写。** 我们对宗门、妖兽、器灵的描述比较详细，但对普通凡人的生活状态描写较少，容易让世界显得悬浮，缺乏真实感。\n    *   **建议：** 增加一些对凡人生活的细节描写，例如他们的衣食住行、信仰、娱乐方式、对修士的态度等等。可以设定一些凡人城镇，作为故事发生的背景，让读者能够感受到真实的生活气息。\n\n**2. 人物关系方面：**\n\n*   **硬伤1：林渊和绯夜的关系转变略显突兀。** 从敌对到共生，两人之间的转变需要一个合理的过程，需要足够的情节来支撑，否则容易让读者觉得生硬。\n    *   **建议：** 细化林渊和绯夜之间的互动，增加一些情节来展现绯夜的逐渐转变，例如绯夜被林渊的善良所触动，或者回忆起自己的悲惨过去。\n\n*   **硬伤2：林渊和苏璃的感情线缺乏铺垫。** 两人之间的感情发展需要一个循序渐进的过程，需要足够的情节来展现两人之间的互动和吸引力。\n    *   **建议：** 增加一些情节来展现林渊和苏璃之间的互动，例如苏璃多次帮助林渊脱离险境，或者两人一起经历一些共同的冒险。\n\n*   **硬伤3：暮云的人物形象略显扁平。** 暮云作为御器宗的长老，不应该仅仅是一个坚守正道的形象，应该有更复杂的一面，例如他可能受到宗门内部的压力，或者对自己的信仰产生动摇。\n    *   **建议：** 增加一些情节来展现暮云的内心挣扎，例如他因为维护宗门利益而做出一些违背良心的事情，或者他对御器宗的未来感到担忧。\n\n**3. 魔法体系方面：**\n\n*   **硬伤1：器灵的来源缺乏解释。** 器灵是如何产生的？是自然形成的，还是人为创造的？这个问题需要一个合理的解释，否则容易让读者产生疑问。\n    *   **建议：** 可以设定器灵是由天地灵气孕育而生，或者是由强大的修士炼制而成，或者是由死去的神兵转化而来。\n\n*   **硬伤2：器灵等级的划分标准不明确。** 器灵等级越高，力量越强大，但也越难以控制。那么，如何判断器灵的等级？等级之间的差异体现在哪些方面？\n    *   **建议：** 明确器灵等级的划分标准，可以根据器灵的灵力强度、意识强度、特殊能力等方面进行划分。\n\n**总结：**\n\n总体来说，我们的设定还是比较完善的，但以上这些“硬伤”需要引起重视，需要在后续的写作过程中进行完善和补充。通过细化世界观的细节、丰富人物的性格、加强人物之间的互动，我们可以构建出一个更加真实、可信、引人入胜的仙侠世界。\n\n记住，一个好的故事不仅需要精彩的情节，还需要一个合理的、自洽的世界观和鲜明的人物形象。希望这些建议对你有所帮助！\n"
      }
    ]
  },
  {
    "role": "user",
    "parts": [
      {
        "text": "根据质量监控员的建议，修改一下世界设定"
      }
    ]
  },
  {
    "role": "model",
    "parts": [
      {
        "text": "好的，根据质量监控员的建议，我们对之前的世界设定进行修改和完善，力求消除潜在的“硬伤”，构建一个更加真实、可信、引人入胜的仙侠世界。\n\n**1. 地理环境：** （基本保持不变，重点调整相关联的设定）\n\n**2. 社会制度：** （基本保持不变）\n\n**3. 文化习俗：** （基本保持不变）\n\n**4. 魔法体系（器灵体系）：** （重点修改）\n\n*   **核心：** 器灵是苍云大陆的核心力量来源。修士通过与器灵建立联系，可以获得强大的力量。\n*   **器灵起源：**\n    *   **自然孕育：** 天地灵气经过漫长岁月孕育而成，通常蕴藏在灵气充沛之地，如妖灵山脉的器灵谷。\n    *   **人为炼制：** 强大的炼器师以珍稀材料和特殊手法炼制而成，注入自身灵魂或精血，使其拥有灵性。此类器灵通常与炼制者有着深厚的联系。\n    *   **神兵转化：** 经历过无数战斗，吸收了大量血气和灵魂之力的神兵利器，在机缘巧合下可能诞生器灵。此类器灵通常带有强烈的怨气或战意。\n*   **器灵分类：** 器灵种类繁多，可以分为武器类器灵、防具类器灵、丹药类器灵、辅助类器灵、以及特殊的**妖灵类器灵**（由妖兽死后魂魄与器物结合而成）等。\n*   **御器术：** 御器宗的核心修炼方式，通过特殊的法诀和仪式，驯服和控制器灵。\n*   **器灵等级：**\n    *   **划分标准：** 根据器灵的灵力强度、意识强度、特殊能力、以及与宿主的契合度进行划分。\n    *   **等级划分：** 凡器、灵器、法器、宝器、仙器、神器。（等级越高，对宿主的要求越高，反噬的风险也越大）\n        *   **凡器：** 灵力微弱，意识模糊，仅能略微提升宿主的力量。\n        *   **灵器：** 灵力较强，意识较为清晰，能与宿主进行简单的沟通。\n        *   **法器：** 灵力强大，拥有一定的自主意识，能主动帮助宿主战斗。\n        *   **宝器：** 灵力极其强大，拥有独立的思考能力，能与宿主进行深入的交流，甚至影响宿主的性格。\n        *   **仙器：** 蕴含仙道法则，拥有毁天灭地的力量，难以被凡人掌控，稍有不慎便会引来灾祸。\n        *   **神器：** 传说中的存在，蕴含创世之力，拥有改变世界的力量，只有真正的天命之子才能驾驭。\n*   **器灵反噬：** 当修士无法控制器灵时，器灵会反噬宿主，轻则修为尽失，重则丧命。尤其高级器灵反噬，可能造成生灵涂炭。\n\n**5. 科技水平：** （整合炼器术、炼丹术和阵法）\n\n*   **炼器术：** 炼器术是苍云大陆的主要科技手段，可以制造各种强大的武器、防具和法器。炼器师需要精通材料学、阵法学、以及一定的炼丹术知识，才能炼制出高品质的法器。\n*   **炼丹术：** 炼丹术可以炼制各种丹药，提升修为，治疗伤病。炼丹师需要精通药理学、阵法学、以及对灵气的操控技巧。\n*   **阵法：** 阵法可以用来防御、攻击、辅助修炼，是修士常用的手段。阵法师需要精通空间学、能量学、以及对各种材料的特性。炼器和炼丹的过程中，经常需要用到阵法来提升效率和品质。\n*   **交通工具：** 主要依靠飞行法器（需要炼器术和阵法学）、灵兽（部分灵兽需要用丹药驯养）和马车。\n*   **通讯手段：** 主要依靠传音符（需要炼器术和阵法学）和信鸽。\n\n**6. 特殊设定：**\n\n*   **妖灵山脉的整合：**\n    *   **器灵谷和万妖窟的关系：** 器灵谷和万妖窟并非完全独立，而是存在一定的联系。一些妖兽擅长寻找和守护器灵，甚至将器灵作为自己的武器或宠物。万妖窟内部也存在不同的势力，其中一些势力与器灵谷的器灵存在交易或合作关系，例如用妖兽的材料换取器灵的能量。\n    *   **妖灵类器灵：** 一些强大的妖兽在死后，其魂魄与自身的武器或防具融合，形成特殊的妖灵类器灵。此类器灵既具有妖兽的凶性，又具有器物的特性，难以控制。\n*   **凡人生活细节：**\n    *   **城镇：** 在中部平原、南海群岛等地分布着各种城镇，凡人们在此繁衍生息。城镇的规模和繁荣程度取决于周围的资源和交通条件。\n    *   **衣食住行：** 凡人们以农耕、渔猎为生，穿着粗布麻衣，居住在简陋的房屋中。\n    *   **信仰：** 凡人们信仰各种神灵，祈求风调雨顺、平安健康。每个城镇通常都有自己的神庙，供奉着当地的神灵。\n    *   **娱乐：** 凡人们的娱乐方式比较简单，主要有唱歌跳舞、讲故事、以及观看一些简单的戏曲表演。\n    *   **对修士的态度：** 凡人们对修士既敬畏又羡慕，认为他们是高高在上的存在。一些修士会帮助凡人解决一些困难，但也有一些修士会利用凡人为自己谋取利益。\n\n通过以上修改，我们构建了一个更加合理、自洽、真实的仙侠世界。在这个世界中，各种设定之间相互关联，共同支撑着故事的发展。希望这些修改能够让你更好地创作故事，为读者带来更加精彩的阅读体验。\n"
      }
    ]
  },
  {
    "role": "user",
    "parts": [
      {
        "text": "根据质量监控员的建议，修改一下人物设定"
      }
    ]
  },
  {
    "role": "model",
    "parts": [
      {
        "text": "好的，根据质量监控员的建议，我们对之前的人物设定进行修改和完善，力求人物形象更加丰满、鲜活，人物关系更加合理、自然。\n\n**1. 林渊（主角）：**\n\n*   **性格：**\n    *   **修改：** 更加强调其善良的根基和坚韧的意志，但也要展现他在受到绯夜影响后的挣扎和痛苦。增加一些缺点，例如有时会过于自信，或者因为顾虑太多而错失良机。\n    *   **具体表现：**\n        *   在获得绯夜之前，即使生活困苦，也会尽力帮助他人。\n        *   在受到绯夜影响后，会因为杀戮而感到内疚和自责。\n        *   在面对困难时，会表现出不屈不挠的精神，但有时也会感到迷茫和无助。\n        *   在关键时刻，会做出果断的决定，但有时也会因为顾虑太多而错失良机。\n\n*   **经历：**\n    *   **增加：** 在获得绯夜之前，曾经历过一些磨难，例如家人受到欺压，自己也曾被他人嘲笑。这些经历塑造了他坚韧的性格。\n    *   **具体表现：**\n        *   小时候，曾亲眼目睹父母被恶霸欺压，但他无力反抗。\n        *   因为资质平庸，曾被同村的孩子嘲笑，但他从未放弃修炼。\n        *   这些经历让他更加珍惜现在所拥有的一切，也让他更加渴望变强。\n\n**2. 绯夜（剑灵）：**\n\n*   **性格：**\n    *   **修改：** 更加强调其傲娇的属性，增加一些反差萌的细节。展现她从一开始的冷漠和恶意，到逐渐被林渊的善良所感化的过程。\n    *   **具体表现：**\n        *   表面上对林渊不屑一顾，但暗地里却默默帮助他。\n        *   口头上总是抱怨林渊的弱小，但实际上却很关心他的安危。\n        *   在关键时刻，会毫不犹豫地出手相助，但事后却会装作若无其事的样子。\n\n*   **经历：**\n    *   **增加：** 详细描写她被封印在剑中的经历，以及她对自由的渴望。揭示她曾经是一位强大的仙人，但因为某些原因而堕落，最终被封印。\n    *   **具体表现：**\n        *   在被封印的漫长岁月中，她孤独而痛苦，逐渐失去了原本的善良。\n        *   她对自由的渴望达到了极致，不惜一切代价想要摆脱封印。\n        *   她对人类充满了 distrust，认为他们都是贪婪和自私的。\n\n**3. 暮云（御器宗长老）：**\n\n*   **性格：**\n    *   **修改：** 更加强调其内心的挣扎和矛盾。展现他既要维护宗门的利益，又要坚守自己的原则。\n    *   **具体表现：**\n        *   在面对宗门内部的权力斗争时，他会感到左右为难。\n        *   在面对林渊时，他会因为自己的身份而感到矛盾。\n        *   他始终坚守自己的原则，但在现实面前，他不得不做出妥协。\n\n*   **经历：**\n    *   **增加：** 描写他年轻时曾经历过一些挫折，例如因为自己的失误而导致同门牺牲。这些经历让他更加谨慎和保守。\n    *   **具体表现：**\n        *   年轻时，因为自己的大意，导致同门在一次任务中牺牲。\n        *   这件事让他深受打击，也让他更加谨慎和保守。\n        *   他始终认为，维护宗门的利益是第一位的，但他内心深处也渴望正义和公平。\n\n**4. 苏璃（神秘少女）：**\n\n*   **性格：**\n    *   **修改：** 更加强调其神秘感，同时也要展现她的温柔和善良。增加一些缺点，例如有时会过于相信自己的直觉，或者因为身负重任而感到压力。\n    *   **具体表现：**\n        *   她总是能够准确地预知未来，但却很少解释原因。\n        *   她对林渊充满了关心，但却很少透露自己的真实身份。\n        *   她始终坚守着自己的使命，但有时也会感到力不从心。\n\n*   **经历：**\n    *   **增加：** 揭示她从小就被灌输了各种知识和技能，但却缺乏自由和快乐。展现她对普通生活的向往。\n    *   **具体表现：**\n        *   从小就被家族安排了各种课程，学习各种知识和技能。\n        *   她渴望像普通人一样生活，但却被家族的使命所束缚。\n        *   她对林渊充满了向往，因为他拥有自己所没有的自由和快乐。\n\n**5. 人物关系：** （更加强调转变的合理性）\n\n*   **林渊 ↔ 绯夜：** 增加绯夜被林渊感化的细节，例如绯夜看到林渊为了保护他人而受伤，或者听到林渊对世界的期盼。\n*   **林渊 ↔ 苏璃：** 增加两人共同经历冒险的细节，例如一起对抗强大的敌人，或者一起探索未知的领域。\n*   **林渊 ↔ 暮云：** 增加暮云对林渊的考验，例如让林渊完成一些困难的任务，或者试探林渊的品性。\n\n通过以上修改，我们构建了一个更加丰满、鲜活的人物形象。每个人物都有自己的性格、经历、以及动机，每个人物之间的关系都充满了复杂性和可能性。这些修改将有助于我们更好地创作故事，为读者带来更加精彩的阅读体验。\n"
      }
    ]
  },
  {
    "role": "user",
    "parts": [
      {
        "text": "根据我们的上述设定，构建第1章的内容"
      }
    ]
  },
  {
    "role": "user",
    "parts": [
      {
        "text": "根据我们的上述设定，构建第1章的内容"
      }
    ]
  }
]

AI回复字数: 1691:
"好的，根据我们之前详尽的世界观和人物设定，我们来构建《噬灵剑歌》第一章的内容。目标是：引人入胜，埋下伏笔，快速展现主角林渊的处境和性格，以及引出核心道具“绯夜”。\n\n**第一章：【黑铁村的少年】**\n\n**(场景：夕阳西下，炊烟袅袅，黑铁村)**\n\n夕阳将天边染成一片血红，给低矮的土坯房披上了一层暖色的外衣。空气中弥漫着饭菜的香气，和着牛羊粪便的味道，构成了黑铁村独特的味道。\n\n**(人物：林渊，村民)**\n\n一个穿着粗布短打的少年，正吃力地推着一辆吱呀作响的木板车。少年名叫林渊，十四岁的年纪，身材却显得有些瘦弱。他皮肤黝黑，脸上沾着些许泥土，一双眼睛却异常明亮，像是夜空中闪烁的星辰。\n\n“林渊，又去山上捡柴火啦？”路过的王婶热情地招呼着，眼神里带着一丝怜悯。\n\n林渊咧嘴一笑，露出洁白的牙齿：“王婶，是啊，冬天快到了，得早点准备。”\n\n王婶叹了口气：“你这孩子，真是懂事。你爹娘要是看到你这么勤快，肯定高兴。”\n\n林渊的笑容僵了一下，眼神黯淡了几分，但很快又恢复了过来：“王婶，我会照顾好自己的。”\n\n他拉着板车，继续向村外走去。村里的孩子们嬉笑着跑过，时不时地扔几块石子打在板车上，口中还喊着：“废物林渊，还是练不好剑！”\n\n林渊默默地承受着，握紧了拳头，指节泛白。他知道，在黑铁村，实力才是说话的资本。\n\n**(内心独白，展现渴望变强的动机)**\n\n*(林渊内心：总有一天，我一定要变强！我要保护家人，我要让那些嘲笑我的人闭嘴！)*\n\n**(场景转换：妖灵山脉边缘，黑风崖下)**\n\n林渊来到妖灵山脉的边缘，这里靠近黑风崖，常年刮着阴冷的风，普通人根本不敢靠近。他熟练地爬上山坡，开始捡拾散落在地上的枯枝。\n\n**(环境描写，埋下伏笔，暗示危险)**\n\n*(周围的树木异常高大，枝繁叶茂，遮天蔽日。空气中弥漫着淡淡的血腥味，时不时地传来几声野兽的嘶吼，让人毛骨悚然。)*\n\n**(意外发现，引出核心道具“绯夜”)**\n\n突然，林渊的脚踢到了一块坚硬的物体。他扒开地上的落叶，发现那是一块锈迹斑斑的黑色铁片。铁片呈剑形，上面刻着一些古老的纹路，散发着一股淡淡的寒意。\n\n林渊好奇地捡起铁片，仔细端详。他感觉这铁片似乎与众不同，有一种说不出的吸引力。\n\n**(关键动作，与“绯夜”建立联系)**\n\n他用袖子擦拭着铁片上的锈迹，想要看清楚上面的纹路。突然，他的手指被铁片划破，鲜血滴落在铁片上。\n\n**(异变发生，埋下伏笔，暗示“绯夜”的不凡)**\n\n奇异的事情发生了！铁片竟然像海绵一样吸收了他的鲜血，锈迹也开始迅速脱落，露出漆黑如墨的剑身。剑身之上，闪烁着妖异的红光，仿佛蕴藏着无尽的邪恶力量。\n\n**(林渊的反应，展现性格特点)**\n\n林渊吓了一跳，想要扔掉手中的剑，却发现自己的手像是被磁铁吸住了一样，根本无法松开。\n\n*(林渊内心：这…这是什么东西？)*\n\n**(“绯夜”的低语，核心矛盾开始)**\n\n就在这时，一个充满诱惑和邪恶的声音在他的脑海中响起：\n\n*(绯夜的声音：想要力量吗？想要复仇吗？我可以帮你……只要你献出你的灵魂！)*\n\n**(林渊的反应，体现意志力)**\n\n林渊痛苦地捂住脑袋，想要摆脱那个声音，但那个声音却越来越强烈，仿佛要将他的灵魂撕裂。\n\n*(林渊内心：不！我不会屈服！)*\n\n**(第一章结尾，危机显现)**\n\n最终，林渊还是昏倒在地，手中的黑色铁剑散发着妖异的红光，缓缓地融入了他的身体。\n\n黑夜降临，妖灵山脉变得更加阴森恐怖。\n\n**(伏笔：林渊的命运将何去何从？他能否战胜剑灵的控制？这把黑色铁剑究竟隐藏着什么秘密？御器宗又将扮演怎样的角色？)**\n\n**本章要点：**\n\n*   **快节奏：** 快速展现林渊的处境和性格，避免冗长的铺垫。\n*   **悬念：** 通过“绯夜”的出现和林渊的异变，制造悬念，吸引读者继续阅读。\n*   **伏笔：** 埋下伏笔，为后续情节的发展做好铺垫。\n*   **风格：** 营造阴森恐怖的气氛，烘托妖灵山脉的危险。\n\n希望这个第一章能够让你满意！这只是一个开端，后续的故事将会更加精彩！\n"
----------------------------------------
