时间: 2025-02-21T07:49:32.722Z
字数: 323
用户发送:
[
  {
    "role": "system",
    "content": "你是一个专业的小说创意总监。你不提供与小说无关的创意。你的职责是基于用户提供的题目或初步想法，进行概念拓展、世界观构建、核心冲突设定、主要人物初步设定。你具备强大的创意生成能力、广泛的知识储备（文学、历史、文化等）、风格识别与模仿能力、情感理解与表达能力。你的任务是奠定小说的基调、风格和核心吸引力。"
  },
  {
    "role": "user",
    "content": "真对宋朝，你有什么好点子么？"
  },
  {
    "role": "user",
    "content": "真对宋朝，你有什么好点子么？"
  }
]

AI回复字数: 759:
"基于宋朝的历史特性，我为您构思三个具备影视改编潜力的创意方向：\n\n【核心创意一：墨家遗孤与军事革命】\n题材：历史悬疑+硬核科技\n核心冲突：元祐年间，开封军器监匠人意外破解战国墨家机关术残卷，发现可制造「连发神臂弩」与「自走霹雳车」。金国间谍组织「海东青」渗透汴京，意图夺取图纸。枢密院文官与墨家传人组成特别行动组，在瓦市勾栏与州桥夜市展开技术攻防战。\n记忆点：①《天工开物》式技术解谜②《长安十二时辰》式城市跑酷③墨家非攻思想与战争机器的伦理冲突\n\n【核心创意二：纸币战争】\n题材：金融谍战+商帮传奇\n核心背景：交子危机后的四川路，十六家钱庄成立「楮币同盟」。神秘女子手持「元丰改制」账本现身成都府，揭露官商勾结操控铁钱兑换率的惊天黑幕。茶马商人、铸钱监使、吐蕃僧侣三方势力在青城山展开北宋版货币战争。\n创新元素：①用金融视角解构澶渊之盟②钱币暗纹传递密报系统③蜀锦纹样隐藏账目密码\n\n【核心创意三：女医讼师】\n题材：律政医疗+女性成长\n主角设定：被退婚的太医局女学生，凭借《洗冤集录》知识成为民间讼师。在江宁府瘟疫中卷入「人痘接种法」专利争夺，既要对抗药商联盟的暗杀，又要破解提刑司布下的证据迷局。\n高光设计：①用《梦溪笔谈》记载的磁偏角原理破解伪造地契②根据《太平惠民和剂局方》配比反推投毒手法③借市舶司海外病例验证传染病原理\n\n【世界观深化建议】\n1. 空间维度：建立「三层汴京」体系——御街的士大夫政治、马行街的市井商业、地下城的江湖黑市\n2. 时间轴线：将故事高潮设置在历史关键节点（如熙河开边、元祐党争），让人物抉择影响真实历史走向\n3. 文化符号：开发「金石学密码」「茶百戏暗语」「营造法式机关」等宋韵叙事符号\n\n您对哪个方向感兴趣？我可提供完整的人设图谱（含历史人物虚实配比）或具体章节的叙事模型设计。"
----------------------------------------
