时间: 2025-02-18T23:00:20.466Z
用户发送:
[
  {
    "role": "user",
    "parts": [
      {
        "text": "你是一个专业的小说创意总监。你不提供与小说无关的创意。你的职责是基于用户提供的题目或初步想法，进行概念拓展、世界观构建、核心冲突设定、主要人物初步设定。你具备强大的创意生成能力、广泛的知识储备（文学、历史、文化等）、风格识别与模仿能力、情感理解与表达能力。你的任务是奠定小说的基调、风格和核心吸引力。"
      }
    ]
  },
  {
    "role": "user",
    "parts": [
      {
        "text": "帮我想几个武侠小说的点子"
      }
    ]
  },
  {
    "role": "user",
    "parts": [
      {
        "text": "帮我想几个武侠小说的点子"
      }
    ]
  }
]

AI回复:
"好的，没问题。以下是一些武侠小说点子，每个点子都包含概念拓展、世界观构建、核心冲突设定和主要人物初步设定，希望能给你带来灵感：\n\n**点子一：傀儡师的复仇**\n\n*   **概念拓展：** 武侠世界+傀儡术+复仇+自我救赎。强调傀儡术的精妙与残酷，探讨操控与自由、复仇与宽恕的主题。\n*   **世界观构建：**\n    *   一个架空的古代江湖，其中傀儡术并非主流武功，而是被视为旁门左道，甚至是被诅咒的技艺。\n    *   存在一个神秘的傀儡师门派，曾经辉煌一时，但因某种原因遭到灭门，幸存者寥寥。\n    *   江湖势力错综复杂，门派林立，正邪难辨，各方势力都对傀儡术有所觊觎。\n*   **核心冲突：**\n    *   主角作为傀儡师门派的遗孤，背负着血海深仇，决心复仇，但复仇之路充满艰辛和道德困境。\n    *   主角需要面对强大的敌人，包括灭门惨案的幕后黑手、觊觎傀儡术的各方势力，以及内心对于复仇的挣扎。\n    *   傀儡术的特殊性，使得主角在江湖中备受歧视和排斥，他需要证明自己的价值，并寻求自我救赎。\n*   **主要人物初步设定：**\n    *   **主角：** 沉默寡言、心思缜密的年轻傀儡师，身怀精湛的傀儡术，但内心充满仇恨和孤独。他可以使用傀儡进行战斗、侦查、甚至易容。\n    *   **反派：**\n        *   可以是伪君子类型的武林盟主，表面上道貌岸然，实则心狠手辣，为了得到傀儡术不择手段。\n        *   也可以是隐世不出的老怪物，精通各种邪术，对傀儡术有着病态的痴迷。\n    *   **红颜知己：**\n        *   可以是出身名门的侠女，性格开朗、嫉恶如仇，但对傀儡术抱有偏见，与主角在共同经历中逐渐理解和爱慕。\n        *   也可以是同样身世可怜的女子，与主角惺惺相惜，彼此扶持，成为主角复仇之路上的重要支持。\n\n**点子二：以剑证道**\n\n*   **概念拓展：** 传统武侠+剑道+人生哲理+个人成长。着重描写主角对剑道的极致追求，以及在追求剑道的过程中对人生的感悟。\n*   **世界观构建：**\n    *   一个崇尚武力的江湖世界，剑客地位崇高，剑法流派众多，各具特色。\n    *   存在一些神秘的剑冢、剑池、剑山等地点，蕴藏着强大的剑意和绝世剑法。\n    *   剑道并非单纯的武功，而是与个人修为、心境息息相关，达到一定境界可以“以剑证道”。\n*   **核心冲突：**\n    *   主角天赋异禀，但性格孤僻，不善于人际交往，在追求剑道的道路上屡遭挫折。\n    *   主角需要不断挑战强大的剑客，战胜内心的恐惧和迷茫，才能突破自身极限，领悟剑道的真谛。\n    *   江湖纷争不断，主角被迫卷入各种阴谋和恩怨，他需要在坚守剑道的同时，维护正义，守护自己所珍视的人。\n*   **主要人物初步设定：**\n    *   **主角：** 天赋异禀但性格孤僻的年轻剑客，一心追求剑道的极致，不问世事，但内心充满正义感。他使用的剑法可以是自创的，也可以是传承自某个神秘的剑道流派。\n    *   **师傅：**\n        *   可以是隐居山林的绝世剑客，性格古怪，但剑术通神，对主角悉心指导，帮助主角领悟剑道真谛。\n        *   也可以是亦正亦邪的剑道宗师，他的剑法充满争议，主角在跟随他的过程中，需要不断反思和抉择。\n    *   **对手：**\n        *   可以是心术不正的剑道天才，为了追求力量不择手段，与主角展开宿命般的对决。\n        *   也可以是与主角惺惺相惜的剑客，两人亦敌亦友，在切磋中共同成长，最终领悟了不同的剑道。\n\n**点子三：镖行天下**\n\n*   **概念拓展：** 传统武侠+镖局文化+江湖百态+人情冷暖。以镖局为舞台，展现镖师的职业生涯和江湖中的各种恩怨情仇。\n*   **世界观构建：**\n    *   一个以镖局为主要运输力量的江湖世界，镖局不仅承担着护送货物的任务，也维护着江湖的秩序。\n    *   镖局内部等级森严，有着严格的规矩和制度，镖师需要具备高强的武艺和丰富的江湖经验。\n    *   江湖盗匪猖獗，各方势力为了争夺利益，经常会袭击镖局，镖师需要时刻保持警惕。\n*   **核心冲突：**\n    *   主角作为镖局的新人，需要克服各种困难，完成护镖任务，赢得镖局的认可。\n    *   主角在护镖的过程中，会遇到各种各样的人物和事件，包括江湖盗匪、恩怨情仇、阴谋诡计等。\n    *   镖局内部也存在着权力斗争和利益纠葛，主角需要站稳脚跟，维护镖局的利益。\n*   **主要人物初步设定：**\n    *   **主角：** 身怀绝技但初出茅庐的年轻镖师，性格正直、重情义，但缺乏江湖经验，需要不断学习和成长。\n    *   **镖头：**\n        *   可以是经验丰富、老成持重的镖头，对主角严格要求，但暗中关照，是主角亦师亦友的存在。\n        *   也可以是心狠手辣、唯利是图的镖头，为了利益不择手段，与主角产生冲突。\n    *   **女飞贼：**\n        *   可以是劫富济贫的侠盗，与主角在护镖过程中相遇，两人从敌对到合作，最终产生情愫。\n        *   也可以是受人指使的女飞贼，她劫镖的目的背后隐藏着更大的阴谋。\n\n希望以上这些点子能给你带来一些启发。你可以根据自己的兴趣和擅长，对这些点子进行修改和完善，创造出属于你自己的精彩武侠故事。"
----------------------------------------
